  lab3-3.cpp
..\Lab3\lab3-3.cpp(110): warning C4018: '<': signed/unsigned mismatch
..\Lab3\lab3-3.cpp(189): warning C4305: '+=': truncation from 'double' to 'float'
..\Lab3\lab3-3.cpp(193): warning C4305: '-=': truncation from 'double' to 'float'
..\Lab3\lab3-3.cpp(197): warning C4305: '+=': truncation from 'double' to 'float'
..\Lab3\lab3-3.cpp(201): warning C4305: '-=': truncation from 'double' to 'float'
..\Lab3\lab3-3.cpp(205): warning C4305: '+=': truncation from 'double' to 'float'
..\Lab3\lab3-3.cpp(209): warning C4305: '-=': truncation from 'double' to 'float'
..\Lab3\lab3-3.cpp(213): warning C4305: '+=': truncation from 'double' to 'float'
..\Lab3\lab3-3.cpp(217): warning C4305: '-=': truncation from 'double' to 'float'
..\Lab3\lab3-3.cpp(399): warning C4838: conversion from 'double' to 'float' requires a narrowing conversion
..\Lab3\lab3-3.cpp(399): warning C4305: 'initializing': truncation from 'double' to 'float'
..\Lab3\lab3-3.cpp(433): warning C4018: '<': signed/unsigned mismatch
..\Lab3\lab3-3.cpp(587): warning C4305: 'initializing': truncation from 'double' to 'float'
  Generating code
  2 of 468 functions ( 0.4%) were compiled, the rest were copied from previous compilation.
    0 functions were new in current compilation
    1 functions had inline decision re-evaluated but remain unchanged
  Finished generating code
  lab3-3.vcxproj -> C:\DG\LAB3\visual_studio\..\Lab3\build\lab3-3.exe
