  lab3-4.cpp
..\Lab3\lab3-4.cpp(110): warning C4018: '<': signed/unsigned mismatch
..\Lab3\lab3-4.cpp(224): warning C4305: '+=': truncation from 'double' to 'float'
..\Lab3\lab3-4.cpp(228): warning C4305: '-=': truncation from 'double' to 'float'
..\Lab3\lab3-4.cpp(232): warning C4305: '+=': truncation from 'double' to 'float'
..\Lab3\lab3-4.cpp(236): warning C4305: '-=': truncation from 'double' to 'float'
..\Lab3\lab3-4.cpp(240): warning C4305: '+=': truncation from 'double' to 'float'
..\Lab3\lab3-4.cpp(244): warning C4305: '-=': truncation from 'double' to 'float'
..\Lab3\lab3-4.cpp(248): warning C4305: '+=': truncation from 'double' to 'float'
..\Lab3\lab3-4.cpp(252): warning C4305: '-=': truncation from 'double' to 'float'
..\Lab3\lab3-4.cpp(434): warning C4838: conversion from 'double' to 'float' requires a narrowing conversion
..\Lab3\lab3-4.cpp(434): warning C4305: 'initializing': truncation from 'double' to 'float'
..\Lab3\lab3-4.cpp(625): warning C4305: 'initializing': truncation from 'double' to 'float'
  Generating code
  31 of 430 functions ( 7.2%) were compiled, the rest were copied from previous compilation.
    26 functions were new in current compilation
    16 functions had inline decision re-evaluated but remain unchanged
  Finished generating code
readfile.lib(readfile.obj) : warning LNK4099: PDB 'readfile.pdb' was not found with 'readfile.lib(readfile.obj)' or at 'D:\Programmering\School\DG\LAB3\Lab3\build\readfile.pdb'; linking object as if no debug info
  lab3-4.vcxproj -> D:\Programmering\School\DG\LAB3\visual_studio\..\Lab3\build\lab3-4.exe
  lab3-4.vcxproj -> ..\Lab3\build\lab3-4.pdb (Full PDB)
